Clan/Clan/build/outputs/logs/manifest-merger-clan-debug-report.txt
-- Merging decision tree log ---
manifest
ADDED from Clan/Clan/AndroidManifest.xml:2:1-606:12
	package
		ADDED from Clan/Clan/AndroidManifest.xml:3:5-29
		INJECTED from Clan/Clan/AndroidManifest.xml
		INJECTED from Clan/Clan/AndroidManifest.xml
	android:versionName
		ADDED from Clan/Clan/AndroidManifest.xml:5:5-47
		INJECTED from Clan/Clan/AndroidManifest.xml
		INJECTED from Clan/Clan/AndroidManifest.xml
	android:versionCode
		ADDED from Clan/Clan/AndroidManifest.xml:4:5-48
		INJECTED from Clan/Clan/AndroidManifest.xml
		INJECTED from Clan/Clan/AndroidManifest.xml
	xmlns:android
		ADDED from Clan/Clan/AndroidManifest.xml:2:11-69
uses-sdk
ADDED from Clan/Clan/AndroidManifest.xml:7:5-9:41
MERGED from [com.android.support:appcompat-v7:22.1.1] AndroidManifest.xml:20:5-43
MERGED from [com.android.support:support-v4:22.1.1] AndroidManifest.xml:20:5-43
MERGED from [BigApp_Discuz_Android:AppUtils:unspecified] AndroidManifest.xml:7:5-9:41
MERGED from [BigApp_Discuz_Android:pulltorefresh:unspecified] AndroidManifest.xml:7:5-43
MERGED from [BigApp_Discuz_Android:SlidingMenuLib:unspecified] AndroidManifest.xml:7:5-9:41
MERGED from [com.android.support:support-v4:22.1.1] AndroidManifest.xml:20:5-43
MERGED from [com.android.support:appcompat-v7:22.1.1] AndroidManifest.xml:20:5-43
MERGED from [com.android.support:support-v4:22.1.1] AndroidManifest.xml:20:5-43
MERGED from [BigApp_Discuz_Android:android-viewbadger:unspecified] AndroidManifest.xml:7:5-43
MERGED from [BigApp_Discuz_Android:viewpageIndicator:unspecified] AndroidManifest.xml:7:5-43
MERGED from [com.android.support:support-v4:22.1.1] AndroidManifest.xml:20:5-43
MERGED from [BigApp_Discuz_Android:ShareSDK:unspecified] AndroidManifest.xml:23:5-25:41
MERGED from [BigApp_Discuz_Android:AnalysisSDK:unspecified] AndroidManifest.xml:7:5-9:41
MERGED from [BigApp_Discuz_Android:ImageLib:unspecified] AndroidManifest.xml:7:5-9:41
MERGED from [BigApp_Discuz_Android:ZUtils:unspecified] AndroidManifest.xml:7:5-9:41
MERGED from [com.android.support:support-v4:22.1.1] AndroidManifest.xml:20:5-43
MERGED from [com.android.support:appcompat-v7:22.1.1] AndroidManifest.xml:20:5-43
MERGED from [com.android.support:support-v4:22.1.1] AndroidManifest.xml:20:5-43
MERGED from [com.android.support:support-v4:22.1.1] AndroidManifest.xml:20:5-43
MERGED from [com.android.support:appcompat-v7:22.1.1] AndroidManifest.xml:20:5-43
MERGED from [com.android.support:support-v4:22.1.1] AndroidManifest.xml:20:5-43
MERGED from [com.android.support:recyclerview-v7:22.1.1] AndroidManifest.xml:20:5-43
MERGED from [com.android.support:support-v4:22.1.1] AndroidManifest.xml:20:5-43
MERGED from [BigApp_Discuz_Android:ClanBase:unspecified] AndroidManifest.xml:7:5-9:41
MERGED from [BigApp_Discuz_Android:AppUtils:unspecified] AndroidManifest.xml:7:5-9:41
MERGED from [BigApp_Discuz_Android:ZUtils:unspecified] AndroidManifest.xml:7:5-9:41
MERGED from [com.android.support:support-v4:22.1.1] AndroidManifest.xml:20:5-43
MERGED from [com.android.support:appcompat-v7:22.1.1] AndroidManifest.xml:20:5-43
MERGED from [com.android.support:support-v4:22.1.1] AndroidManifest.xml:20:5-43
MERGED from [com.android.support:support-v4:22.1.1] AndroidManifest.xml:20:5-43
MERGED from [com.android.support:appcompat-v7:22.1.1] AndroidManifest.xml:20:5-43
MERGED from [com.android.support:support-v4:22.1.1] AndroidManifest.xml:20:5-43
MERGED from [BigApp_Discuz_Android:XhsEmoticonsKeyboard:unspecified] AndroidManifest.xml:7:5-9:41
MERGED from [com.android.support:support-v4:22.1.1] AndroidManifest.xml:20:5-43
MERGED from [BigApp_Discuz_Android:ImageLib:unspecified] AndroidManifest.xml:7:5-9:41
MERGED from [BigApp_Discuz_Android:ZUtils:unspecified] AndroidManifest.xml:7:5-9:41
MERGED from [com.android.support:support-v4:22.1.1] AndroidManifest.xml:20:5-43
MERGED from [com.android.support:appcompat-v7:22.1.1] AndroidManifest.xml:20:5-43
MERGED from [com.android.support:support-v4:22.1.1] AndroidManifest.xml:20:5-43
MERGED from [com.android.support:support-v4:22.1.1] AndroidManifest.xml:20:5-43
MERGED from [com.android.support:appcompat-v7:22.1.1] AndroidManifest.xml:20:5-43
MERGED from [com.android.support:support-v4:22.1.1] AndroidManifest.xml:20:5-43
MERGED from [com.android.support:recyclerview-v7:22.1.1] AndroidManifest.xml:20:5-43
MERGED from [com.android.support:support-v4:22.1.1] AndroidManifest.xml:20:5-43
MERGED from [BigApp_Discuz_Android:BottomTabUI:unspecified] AndroidManifest.xml:7:5-9:41
MERGED from [com.android.support:support-v4:22.1.1] AndroidManifest.xml:20:5-43
MERGED from [com.android.support:appcompat-v7:22.1.1] AndroidManifest.xml:20:5-43
MERGED from [com.android.support:support-v4:22.1.1] AndroidManifest.xml:20:5-43
MERGED from [BigApp_Discuz_Android:EasterEgg:unspecified] AndroidManifest.xml:7:5-9:41
MERGED from [BigApp_Discuz_Android:ZUtilsExt:unspecified] AndroidManifest.xml:7:5-9:41
MERGED from [BigApp_Discuz_Android:ZUtils:unspecified] AndroidManifest.xml:7:5-9:41
MERGED from [com.android.support:support-v4:22.1.1] AndroidManifest.xml:20:5-43
MERGED from [com.android.support:appcompat-v7:22.1.1] AndroidManifest.xml:20:5-43
MERGED from [com.android.support:support-v4:22.1.1] AndroidManifest.xml:20:5-43
MERGED from [BigApp_Discuz_Android:ZUtilsExtWidget:unspecified] AndroidManifest.xml:7:5-9:41
MERGED from [BigApp_Discuz_Android:ZUtilsExt:unspecified] AndroidManifest.xml:7:5-9:41
MERGED from [BigApp_Discuz_Android:ZUtils:unspecified] AndroidManifest.xml:7:5-9:41
MERGED from [com.android.support:support-v4:22.1.1] AndroidManifest.xml:20:5-43
MERGED from [com.android.support:appcompat-v7:22.1.1] AndroidManifest.xml:20:5-43
MERGED from [com.android.support:support-v4:22.1.1] AndroidManifest.xml:20:5-43
MERGED from [com.android.support:appcompat-v7:22.1.1] AndroidManifest.xml:20:5-43
MERGED from [com.android.support:support-v4:22.1.1] AndroidManifest.xml:20:5-43
MERGED from [info.hoang8f:android-segmented:1.0.6] AndroidManifest.xml:7:5-9:41
MERGED from [BigApp_Discuz_Android:AppUpdater:unspecified] AndroidManifest.xml:7:5-9:41
MERGED from [com.android.support:support-v4:22.1.1] AndroidManifest.xml:20:5-43
MERGED from [com.android.support:appcompat-v7:22.1.1] AndroidManifest.xml:20:5-43
MERGED from [com.android.support:support-v4:22.1.1] AndroidManifest.xml:20:5-43
MERGED from [com.balysv.materialmenu:material-menu:1.5.4] AndroidManifest.xml:8:5-10:41
MERGED from [com.github.navasmdc:MaterialDesign:1.5] AndroidManifest.xml:7:5-9:41
	android:targetSdkVersion
		ADDED from Clan/Clan/AndroidManifest.xml:9:9-38
		INJECTED from Clan/Clan/AndroidManifest.xml
		INJECTED from Clan/Clan/AndroidManifest.xml
	android:minSdkVersion
		ADDED from Clan/Clan/AndroidManifest.xml:8:9-34
		INJECTED from Clan/Clan/AndroidManifest.xml
		INJECTED from Clan/Clan/AndroidManifest.xml
supports-screens
ADDED from Clan/Clan/AndroidManifest.xml:11:5-16:39
	android:largeScreens
		ADDED from Clan/Clan/AndroidManifest.xml:13:9-36
	android:smallScreens
		ADDED from Clan/Clan/AndroidManifest.xml:16:9-36
	android:normalScreens
		ADDED from Clan/Clan/AndroidManifest.xml:14:9-37
	android:resizeable
		ADDED from Clan/Clan/AndroidManifest.xml:15:9-34
	android:anyDensity
		ADDED from Clan/Clan/AndroidManifest.xml:12:9-34
application
ADDED from Clan/Clan/AndroidManifest.xml:18:5-564:19
MERGED from [com.android.support:appcompat-v7:22.1.1] AndroidManifest.xml:22:5-20
MERGED from [com.android.support:support-v4:22.1.1] AndroidManifest.xml:22:5-20
MERGED from [com.android.support:support-v4:22.1.1] AndroidManifest.xml:22:5-20
MERGED from [com.android.support:appcompat-v7:22.1.1] AndroidManifest.xml:22:5-20
MERGED from [com.android.support:support-v4:22.1.1] AndroidManifest.xml:22:5-20
MERGED from [com.android.support:support-v4:22.1.1] AndroidManifest.xml:22:5-20
MERGED from [com.android.support:support-v4:22.1.1] AndroidManifest.xml:22:5-20
MERGED from [com.android.support:appcompat-v7:22.1.1] AndroidManifest.xml:22:5-20
MERGED from [com.android.support:support-v4:22.1.1] AndroidManifest.xml:22:5-20
MERGED from [com.android.support:support-v4:22.1.1] AndroidManifest.xml:22:5-20
MERGED from [com.android.support:appcompat-v7:22.1.1] AndroidManifest.xml:22:5-20
MERGED from [com.android.support:support-v4:22.1.1] AndroidManifest.xml:22:5-20
MERGED from [com.android.support:recyclerview-v7:22.1.1] AndroidManifest.xml:22:5-26:19
MERGED from [com.android.support:support-v4:22.1.1] AndroidManifest.xml:22:5-20
MERGED from [com.android.support:support-v4:22.1.1] AndroidManifest.xml:22:5-20
MERGED from [com.android.support:appcompat-v7:22.1.1] AndroidManifest.xml:22:5-20
MERGED from [com.android.support:support-v4:22.1.1] AndroidManifest.xml:22:5-20
MERGED from [com.android.support:support-v4:22.1.1] AndroidManifest.xml:22:5-20
MERGED from [com.android.support:appcompat-v7:22.1.1] AndroidManifest.xml:22:5-20
MERGED from [com.android.support:support-v4:22.1.1] AndroidManifest.xml:22:5-20
MERGED from [com.android.support:support-v4:22.1.1] AndroidManifest.xml:22:5-20
MERGED from [com.android.support:support-v4:22.1.1] AndroidManifest.xml:22:5-20
MERGED from [com.android.support:appcompat-v7:22.1.1] AndroidManifest.xml:22:5-20
MERGED from [com.android.support:support-v4:22.1.1] AndroidManifest.xml:22:5-20
MERGED from [com.android.support:support-v4:22.1.1] AndroidManifest.xml:22:5-20
MERGED from [com.android.support:appcompat-v7:22.1.1] AndroidManifest.xml:22:5-20
MERGED from [com.android.support:support-v4:22.1.1] AndroidManifest.xml:22:5-20
MERGED from [com.android.support:recyclerview-v7:22.1.1] AndroidManifest.xml:22:5-26:19
MERGED from [com.android.support:support-v4:22.1.1] AndroidManifest.xml:22:5-20
MERGED from [com.android.support:support-v4:22.1.1] AndroidManifest.xml:22:5-20
MERGED from [com.android.support:appcompat-v7:22.1.1] AndroidManifest.xml:22:5-20
MERGED from [com.android.support:support-v4:22.1.1] AndroidManifest.xml:22:5-20
MERGED from [com.android.support:support-v4:22.1.1] AndroidManifest.xml:22:5-20
MERGED from [com.android.support:appcompat-v7:22.1.1] AndroidManifest.xml:22:5-20
MERGED from [com.android.support:support-v4:22.1.1] AndroidManifest.xml:22:5-20
MERGED from [com.android.support:support-v4:22.1.1] AndroidManifest.xml:22:5-20
MERGED from [com.android.support:appcompat-v7:22.1.1] AndroidManifest.xml:22:5-20
MERGED from [com.android.support:support-v4:22.1.1] AndroidManifest.xml:22:5-20
MERGED from [com.android.support:appcompat-v7:22.1.1] AndroidManifest.xml:22:5-20
MERGED from [com.android.support:support-v4:22.1.1] AndroidManifest.xml:22:5-20
MERGED from [com.android.support:support-v4:22.1.1] AndroidManifest.xml:22:5-20
MERGED from [com.android.support:appcompat-v7:22.1.1] AndroidManifest.xml:22:5-20
MERGED from [com.android.support:support-v4:22.1.1] AndroidManifest.xml:22:5-20
MERGED from [com.balysv.materialmenu:material-menu:1.5.4] AndroidManifest.xml:12:5-20
MERGED from [com.github.navasmdc:MaterialDesign:1.5] AndroidManifest.xml:11:5-47
	android:label
		ADDED from Clan/Clan/AndroidManifest.xml:23:9-41
	android:hardwareAccelerated
		ADDED from Clan/Clan/AndroidManifest.xml:21:9-44
	android:allowBackup
		ADDED from Clan/Clan/AndroidManifest.xml:20:9-35
	android:icon
		ADDED from Clan/Clan/AndroidManifest.xml:22:9-45
	android:name
		ADDED from Clan/Clan/AndroidManifest.xml:19:9-44
activity#com.youzu.clan.guide.GuideActivity
ADDED from Clan/Clan/AndroidManifest.xml:24:9-37:20
	android:screenOrientation
		ADDED from Clan/Clan/AndroidManifest.xml:27:13-49
	android:launchMode
		ADDED from Clan/Clan/AndroidManifest.xml:26:13-43
	android:theme
		ADDED from Clan/Clan/AndroidManifest.xml:28:13-51
	android:name
		ADDED from Clan/Clan/AndroidManifest.xml:25:13-62
intent-filter#android.intent.action.BADGE_COUNT_UPDATE+android.intent.action.CREATE_SHORTCUT+android.intent.action.MAIN+android.intent.category.LAUNCHER
ADDED from Clan/Clan/AndroidManifest.xml:29:13-35:29
action#android.intent.action.MAIN
ADDED from Clan/Clan/AndroidManifest.xml:30:17-69
	android:name
		ADDED from Clan/Clan/AndroidManifest.xml:30:25-66
category#android.intent.category.LAUNCHER
ADDED from Clan/Clan/AndroidManifest.xml:31:17-77
	android:name
		ADDED from Clan/Clan/AndroidManifest.xml:31:27-74
action#android.intent.action.CREATE_SHORTCUT
ADDED from Clan/Clan/AndroidManifest.xml:33:17-80
	android:name
		ADDED from Clan/Clan/AndroidManifest.xml:33:25-77
action#android.intent.action.BADGE_COUNT_UPDATE
ADDED from Clan/Clan/AndroidManifest.xml:34:17-83
	android:name
		ADDED from Clan/Clan/AndroidManifest.xml:34:25-80
activity#com.youzu.clan.main.qqstyle.QQStyleMainActivity
ADDED from Clan/Clan/AndroidManifest.xml:39:9-46:55
	android:screenOrientation
		ADDED from Clan/Clan/AndroidManifest.xml:45:13-49
	android:label
		ADDED from Clan/Clan/AndroidManifest.xml:43:13-47
	android:hardwareAccelerated
		ADDED from Clan/Clan/AndroidManifest.xml:41:13-47
	android:launchMode
		ADDED from Clan/Clan/AndroidManifest.xml:44:13-44
	android:icon
		ADDED from Clan/Clan/AndroidManifest.xml:42:13-49
	android:theme
		ADDED from Clan/Clan/AndroidManifest.xml:46:13-52
	android:name
		ADDED from Clan/Clan/AndroidManifest.xml:40:13-61
activity#com.youzu.clan.main.sliding.SlidingStyleMainActivity
ADDED from Clan/Clan/AndroidManifest.xml:47:9-54:53
	android:screenOrientation
		ADDED from Clan/Clan/AndroidManifest.xml:53:13-49
	android:label
		ADDED from Clan/Clan/AndroidManifest.xml:51:13-47
	android:hardwareAccelerated
		ADDED from Clan/Clan/AndroidManifest.xml:49:13-47
	android:launchMode
		ADDED from Clan/Clan/AndroidManifest.xml:52:13-44
	android:icon
		ADDED from Clan/Clan/AndroidManifest.xml:50:13-49
	android:theme
		ADDED from Clan/Clan/AndroidManifest.xml:54:13-50
	android:name
		ADDED from Clan/Clan/AndroidManifest.xml:48:13-66
activity#com.youzu.clan.main.wechatstyle.WeChatStyleMainActivity
ADDED from Clan/Clan/AndroidManifest.xml:55:9-61:77
	android:screenOrientation
		ADDED from Clan/Clan/AndroidManifest.xml:60:13-49
	android:label
		ADDED from Clan/Clan/AndroidManifest.xml:58:13-47
	android:launchMode
		ADDED from Clan/Clan/AndroidManifest.xml:59:13-44
	android:icon
		ADDED from Clan/Clan/AndroidManifest.xml:57:13-49
	android:theme
		ADDED from Clan/Clan/AndroidManifest.xml:61:13-74
	android:name
		ADDED from Clan/Clan/AndroidManifest.xml:56:13-69
activity#com.youzu.clan.main.bottomtab.BottomTabMainActivity
ADDED from Clan/Clan/AndroidManifest.xml:63:9-69:53
	android:screenOrientation
		ADDED from Clan/Clan/AndroidManifest.xml:68:13-49
	android:label
		ADDED from Clan/Clan/AndroidManifest.xml:66:13-47
	android:launchMode
		ADDED from Clan/Clan/AndroidManifest.xml:67:13-44
	android:icon
		ADDED from Clan/Clan/AndroidManifest.xml:65:13-49
	android:theme
		ADDED from Clan/Clan/AndroidManifest.xml:69:13-50
	android:name
		ADDED from Clan/Clan/AndroidManifest.xml:64:13-65
activity#com.youzu.clan.main.android.PureAndroidMainActivity
ADDED from Clan/Clan/AndroidManifest.xml:71:9-77:53
	android:screenOrientation
		ADDED from Clan/Clan/AndroidManifest.xml:76:13-49
	android:label
		ADDED from Clan/Clan/AndroidManifest.xml:74:13-47
	android:launchMode
		ADDED from Clan/Clan/AndroidManifest.xml:75:13-44
	android:icon
		ADDED from Clan/Clan/AndroidManifest.xml:73:13-49
	android:theme
		ADDED from Clan/Clan/AndroidManifest.xml:77:13-50
	android:name
		ADDED from Clan/Clan/AndroidManifest.xml:72:13-65
activity#com.youzu.clan.login.LoginActivity
ADDED from Clan/Clan/AndroidManifest.xml:80:9-85:53
	android:screenOrientation
		ADDED from Clan/Clan/AndroidManifest.xml:84:13-49
	android:label
		ADDED from Clan/Clan/AndroidManifest.xml:82:13-42
	android:launchMode
		ADDED from Clan/Clan/AndroidManifest.xml:83:13-43
	android:theme
		ADDED from Clan/Clan/AndroidManifest.xml:85:13-50
	android:name
		ADDED from Clan/Clan/AndroidManifest.xml:81:13-62
activity#com.youzu.clan.login.BindActivity
ADDED from Clan/Clan/AndroidManifest.xml:87:9-92:53
	android:screenOrientation
		ADDED from Clan/Clan/AndroidManifest.xml:91:13-49
	android:label
		ADDED from Clan/Clan/AndroidManifest.xml:89:13-49
	android:launchMode
		ADDED from Clan/Clan/AndroidManifest.xml:90:13-43
	android:theme
		ADDED from Clan/Clan/AndroidManifest.xml:92:13-50
	android:name
		ADDED from Clan/Clan/AndroidManifest.xml:88:13-61
activity#com.youzu.clan.login.WebLoginActivity
ADDED from Clan/Clan/AndroidManifest.xml:94:9-100:53
	android:screenOrientation
		ADDED from Clan/Clan/AndroidManifest.xml:99:13-49
	android:label
		ADDED from Clan/Clan/AndroidManifest.xml:97:13-42
	android:hardwareAccelerated
		ADDED from Clan/Clan/AndroidManifest.xml:96:13-47
	android:launchMode
		ADDED from Clan/Clan/AndroidManifest.xml:98:13-43
	android:theme
		ADDED from Clan/Clan/AndroidManifest.xml:100:13-50
	android:name
		ADDED from Clan/Clan/AndroidManifest.xml:95:13-65
activity#com.youzu.clan.login.RegisterActivity
ADDED from Clan/Clan/AndroidManifest.xml:102:9-107:53
	android:screenOrientation
		ADDED from Clan/Clan/AndroidManifest.xml:106:13-49
	android:label
		ADDED from Clan/Clan/AndroidManifest.xml:104:13-45
	android:launchMode
		ADDED from Clan/Clan/AndroidManifest.xml:105:13-43
	android:theme
		ADDED from Clan/Clan/AndroidManifest.xml:107:13-50
	android:name
		ADDED from Clan/Clan/AndroidManifest.xml:103:13-65
activity#com.youzu.clan.login.CallBackWebActivity
ADDED from Clan/Clan/AndroidManifest.xml:108:9-114:53
	android:screenOrientation
		ADDED from Clan/Clan/AndroidManifest.xml:113:13-49
	android:label
		ADDED from Clan/Clan/AndroidManifest.xml:111:13-45
	android:hardwareAccelerated
		ADDED from Clan/Clan/AndroidManifest.xml:110:13-47
	android:launchMode
		ADDED from Clan/Clan/AndroidManifest.xml:112:13-43
	android:theme
		ADDED from Clan/Clan/AndroidManifest.xml:114:13-50
	android:name
		ADDED from Clan/Clan/AndroidManifest.xml:109:13-54
activity#com.youzu.clan.login.YZLoginActivity
ADDED from Clan/Clan/AndroidManifest.xml:115:9-120:53
	android:screenOrientation
		ADDED from Clan/Clan/AndroidManifest.xml:119:13-49
	android:label
		ADDED from Clan/Clan/AndroidManifest.xml:117:13-45
	android:launchMode
		ADDED from Clan/Clan/AndroidManifest.xml:118:13-43
	android:theme
		ADDED from Clan/Clan/AndroidManifest.xml:120:13-50
	android:name
		ADDED from Clan/Clan/AndroidManifest.xml:116:13-64
activity#com.youzu.clan.message.pm.MyPMActivityOld
ADDED from Clan/Clan/AndroidManifest.xml:121:9-126:53
	android:screenOrientation
		ADDED from Clan/Clan/AndroidManifest.xml:125:13-49
	android:label
		ADDED from Clan/Clan/AndroidManifest.xml:123:13-42
	android:launchMode
		ADDED from Clan/Clan/AndroidManifest.xml:124:13-43
	android:theme
		ADDED from Clan/Clan/AndroidManifest.xml:126:13-50
	android:name
		ADDED from Clan/Clan/AndroidManifest.xml:122:13-55
activity#com.youzu.clan.message.pm.MyPMActivity
ADDED from Clan/Clan/AndroidManifest.xml:127:9-132:53
	android:screenOrientation
		ADDED from Clan/Clan/AndroidManifest.xml:131:13-49
	android:label
		ADDED from Clan/Clan/AndroidManifest.xml:129:13-42
	android:launchMode
		ADDED from Clan/Clan/AndroidManifest.xml:130:13-43
	android:theme
		ADDED from Clan/Clan/AndroidManifest.xml:132:13-50
	android:name
		ADDED from Clan/Clan/AndroidManifest.xml:128:13-52
activity#com.youzu.clan.myfav.MyFavActivity
ADDED from Clan/Clan/AndroidManifest.xml:133:9-138:63
	android:screenOrientation
		ADDED from Clan/Clan/AndroidManifest.xml:137:13-49
	android:label
		ADDED from Clan/Clan/AndroidManifest.xml:135:13-48
	android:launchMode
		ADDED from Clan/Clan/AndroidManifest.xml:136:13-43
	android:theme
		ADDED from Clan/Clan/AndroidManifest.xml:138:13-60
	android:name
		ADDED from Clan/Clan/AndroidManifest.xml:134:13-62
activity#com.youzu.clan.article.ArticleListActivity
ADDED from Clan/Clan/AndroidManifest.xml:140:9-145:53
	android:screenOrientation
		ADDED from Clan/Clan/AndroidManifest.xml:144:13-49
	android:label
		ADDED from Clan/Clan/AndroidManifest.xml:142:13-49
	android:launchMode
		ADDED from Clan/Clan/AndroidManifest.xml:143:13-43
	android:theme
		ADDED from Clan/Clan/AndroidManifest.xml:145:13-50
	android:name
		ADDED from Clan/Clan/AndroidManifest.xml:141:13-70
activity#com.youzu.clan.article.ArticleDetailActivity
ADDED from Clan/Clan/AndroidManifest.xml:146:9-152:53
	android:screenOrientation
		ADDED from Clan/Clan/AndroidManifest.xml:151:13-49
	android:label
		ADDED from Clan/Clan/AndroidManifest.xml:149:13-51
	android:hardwareAccelerated
		ADDED from Clan/Clan/AndroidManifest.xml:148:13-47
	android:launchMode
		ADDED from Clan/Clan/AndroidManifest.xml:150:13-42
	android:theme
		ADDED from Clan/Clan/AndroidManifest.xml:152:13-50
	android:name
		ADDED from Clan/Clan/AndroidManifest.xml:147:13-72
activity#com.youzu.clan.thread.detail.ThreadDetailActivity
ADDED from Clan/Clan/AndroidManifest.xml:153:9-159:53
	android:screenOrientation
		ADDED from Clan/Clan/AndroidManifest.xml:158:13-49
	android:label
		ADDED from Clan/Clan/AndroidManifest.xml:156:13-50
	android:hardwareAccelerated
		ADDED from Clan/Clan/AndroidManifest.xml:155:13-47
	android:launchMode
		ADDED from Clan/Clan/AndroidManifest.xml:157:13-42
	android:theme
		ADDED from Clan/Clan/AndroidManifest.xml:159:13-50
	android:name
		ADDED from Clan/Clan/AndroidManifest.xml:154:13-63
activity#com.youzu.clan.thread.ThreadReplyActivity
ADDED from Clan/Clan/AndroidManifest.xml:160:9-165:53
	android:screenOrientation
		ADDED from Clan/Clan/AndroidManifest.xml:164:13-49
	android:label
		ADDED from Clan/Clan/AndroidManifest.xml:162:13-49
	android:launchMode
		ADDED from Clan/Clan/AndroidManifest.xml:163:13-43
	android:theme
		ADDED from Clan/Clan/AndroidManifest.xml:165:13-50
	android:name
		ADDED from Clan/Clan/AndroidManifest.xml:161:13-69
activity#com.youzu.clan.profile.thread.OwnerThreadActivity
ADDED from Clan/Clan/AndroidManifest.xml:166:9-171:63
	android:screenOrientation
		ADDED from Clan/Clan/AndroidManifest.xml:170:13-49
	android:label
		ADDED from Clan/Clan/AndroidManifest.xml:168:13-46
	android:launchMode
		ADDED from Clan/Clan/AndroidManifest.xml:169:13-43
	android:theme
		ADDED from Clan/Clan/AndroidManifest.xml:171:13-60
	android:name
		ADDED from Clan/Clan/AndroidManifest.xml:167:13-63
activity#com.youzu.clan.profile.thread.MyThreadActivity
ADDED from Clan/Clan/AndroidManifest.xml:172:9-177:63
	android:screenOrientation
		ADDED from Clan/Clan/AndroidManifest.xml:176:13-49
	android:label
		ADDED from Clan/Clan/AndroidManifest.xml:174:13-46
	android:launchMode
		ADDED from Clan/Clan/AndroidManifest.xml:175:13-43
	android:theme
		ADDED from Clan/Clan/AndroidManifest.xml:177:13-60
	android:name
		ADDED from Clan/Clan/AndroidManifest.xml:173:13-60
activity#com.youzu.clan.profile.homepage.HomePageActivity
ADDED from Clan/Clan/AndroidManifest.xml:184:9-188:55
	android:screenOrientation
		ADDED from Clan/Clan/AndroidManifest.xml:187:13-49
	android:launchMode
		ADDED from Clan/Clan/AndroidManifest.xml:186:13-43
	android:theme
		ADDED from Clan/Clan/AndroidManifest.xml:188:13-52
	android:name
		ADDED from Clan/Clan/AndroidManifest.xml:185:13-62
activity#com.youzu.clan.message.pm.ChatActivity
ADDED from Clan/Clan/AndroidManifest.xml:189:9-194:53
	android:screenOrientation
		ADDED from Clan/Clan/AndroidManifest.xml:193:13-49
	android:label
		ADDED from Clan/Clan/AndroidManifest.xml:191:13-50
	android:launchMode
		ADDED from Clan/Clan/AndroidManifest.xml:192:13-43
	android:theme
		ADDED from Clan/Clan/AndroidManifest.xml:194:13-50
	android:name
		ADDED from Clan/Clan/AndroidManifest.xml:190:13-52
activity#com.youzu.clan.forum.ForumActivity
ADDED from Clan/Clan/AndroidManifest.xml:195:9-200:53
	android:screenOrientation
		ADDED from Clan/Clan/AndroidManifest.xml:199:13-49
	android:hardwareAccelerated
		ADDED from Clan/Clan/AndroidManifest.xml:197:13-47
	android:launchMode
		ADDED from Clan/Clan/AndroidManifest.xml:198:13-42
	android:theme
		ADDED from Clan/Clan/AndroidManifest.xml:200:13-50
	android:name
		ADDED from Clan/Clan/AndroidManifest.xml:196:13-62
activity#com.youzu.clan.forum.ForumTypeActivity
ADDED from Clan/Clan/AndroidManifest.xml:201:9-205:53
	android:screenOrientation
		ADDED from Clan/Clan/AndroidManifest.xml:204:13-49
	android:launchMode
		ADDED from Clan/Clan/AndroidManifest.xml:203:13-43
	android:theme
		ADDED from Clan/Clan/AndroidManifest.xml:205:13-50
	android:name
		ADDED from Clan/Clan/AndroidManifest.xml:202:13-66
activity#com.youzu.clan.thread.ThreadNewActivity
ADDED from Clan/Clan/AndroidManifest.xml:206:9-211:53
	android:screenOrientation
		ADDED from Clan/Clan/AndroidManifest.xml:210:13-49
	android:label
		ADDED from Clan/Clan/AndroidManifest.xml:208:13-47
	android:launchMode
		ADDED from Clan/Clan/AndroidManifest.xml:209:13-43
	android:theme
		ADDED from Clan/Clan/AndroidManifest.xml:211:13-50
	android:name
		ADDED from Clan/Clan/AndroidManifest.xml:207:13-53
activity#com.youzu.clan.thread.ThreadReportActivity
ADDED from Clan/Clan/AndroidManifest.xml:212:9-217:53
	android:screenOrientation
		ADDED from Clan/Clan/AndroidManifest.xml:216:13-49
	android:label
		ADDED from Clan/Clan/AndroidManifest.xml:214:13-43
	android:launchMode
		ADDED from Clan/Clan/AndroidManifest.xml:215:13-43
	android:theme
		ADDED from Clan/Clan/AndroidManifest.xml:217:13-50
	android:name
		ADDED from Clan/Clan/AndroidManifest.xml:213:13-70
activity#com.youzu.clan.thread.ThreadPublishActivity
ADDED from Clan/Clan/AndroidManifest.xml:219:9-224:53
	android:screenOrientation
		ADDED from Clan/Clan/AndroidManifest.xml:223:13-49
	android:label
		ADDED from Clan/Clan/AndroidManifest.xml:221:13-47
	android:launchMode
		ADDED from Clan/Clan/AndroidManifest.xml:222:13-43
	android:theme
		ADDED from Clan/Clan/AndroidManifest.xml:224:13-50
	android:name
		ADDED from Clan/Clan/AndroidManifest.xml:220:13-71
activity#com.youzu.clan.thread.deal.ThreadDealActivity
ADDED from Clan/Clan/AndroidManifest.xml:226:9-231:53
	android:screenOrientation
		ADDED from Clan/Clan/AndroidManifest.xml:230:13-49
	android:label
		ADDED from Clan/Clan/AndroidManifest.xml:228:13-50
	android:launchMode
		ADDED from Clan/Clan/AndroidManifest.xml:229:13-43
	android:theme
		ADDED from Clan/Clan/AndroidManifest.xml:231:13-50
	android:name
		ADDED from Clan/Clan/AndroidManifest.xml:227:13-73
activity#com.youzu.clan.common.images.PicSelectorActivity
ADDED from Clan/Clan/AndroidManifest.xml:232:9-237:53
	android:screenOrientation
		ADDED from Clan/Clan/AndroidManifest.xml:236:13-49
	android:label
		ADDED from Clan/Clan/AndroidManifest.xml:234:13-29
	android:launchMode
		ADDED from Clan/Clan/AndroidManifest.xml:235:13-43
	android:theme
		ADDED from Clan/Clan/AndroidManifest.xml:237:13-50
	android:name
		ADDED from Clan/Clan/AndroidManifest.xml:233:13-62
activity#com.youzu.clan.common.images.ImagesLookerActivity
ADDED from Clan/Clan/AndroidManifest.xml:238:9-243:53
	android:screenOrientation
		ADDED from Clan/Clan/AndroidManifest.xml:242:13-49
	android:label
		ADDED from Clan/Clan/AndroidManifest.xml:240:13-29
	android:launchMode
		ADDED from Clan/Clan/AndroidManifest.xml:241:13-43
	android:theme
		ADDED from Clan/Clan/AndroidManifest.xml:243:13-50
	android:name
		ADDED from Clan/Clan/AndroidManifest.xml:239:13-63
activity#com.youzu.clan.app.WebActivity
ADDED from Clan/Clan/AndroidManifest.xml:244:9-250:53
	android:screenOrientation
		ADDED from Clan/Clan/AndroidManifest.xml:249:13-49
	android:label
		ADDED from Clan/Clan/AndroidManifest.xml:247:13-29
	android:hardwareAccelerated
		ADDED from Clan/Clan/AndroidManifest.xml:246:13-47
	android:launchMode
		ADDED from Clan/Clan/AndroidManifest.xml:248:13-43
	android:theme
		ADDED from Clan/Clan/AndroidManifest.xml:250:13-50
	android:name
		ADDED from Clan/Clan/AndroidManifest.xml:245:13-44
activity#com.youzu.clan.video.VideoPlayWebActivity
ADDED from Clan/Clan/AndroidManifest.xml:251:9-257:54
	android:screenOrientation
		ADDED from Clan/Clan/AndroidManifest.xml:256:13-50
	android:label
		ADDED from Clan/Clan/AndroidManifest.xml:254:13-29
	android:hardwareAccelerated
		ADDED from Clan/Clan/AndroidManifest.xml:253:13-47
	android:launchMode
		ADDED from Clan/Clan/AndroidManifest.xml:255:13-43
	android:theme
		ADDED from Clan/Clan/AndroidManifest.xml:257:13-51
	android:name
		ADDED from Clan/Clan/AndroidManifest.xml:252:13-55
activity#com.youzu.clan.setting.SettingsActivity
ADDED from Clan/Clan/AndroidManifest.xml:258:9-263:53
	android:screenOrientation
		ADDED from Clan/Clan/AndroidManifest.xml:262:13-49
	android:label
		ADDED from Clan/Clan/AndroidManifest.xml:260:13-45
	android:launchMode
		ADDED from Clan/Clan/AndroidManifest.xml:261:13-43
	android:theme
		ADDED from Clan/Clan/AndroidManifest.xml:263:13-50
	android:name
		ADDED from Clan/Clan/AndroidManifest.xml:259:13-53
activity#com.youzu.clan.app.AboutActivity
ADDED from Clan/Clan/AndroidManifest.xml:264:9-269:53
	android:screenOrientation
		ADDED from Clan/Clan/AndroidManifest.xml:268:13-49
	android:label
		ADDED from Clan/Clan/AndroidManifest.xml:266:13-42
	android:launchMode
		ADDED from Clan/Clan/AndroidManifest.xml:267:13-43
	android:theme
		ADDED from Clan/Clan/AndroidManifest.xml:269:13-50
	android:name
		ADDED from Clan/Clan/AndroidManifest.xml:265:13-46
activity#com.youzu.clan.setting.supersetting.SuperSettingsActivity
ADDED from Clan/Clan/AndroidManifest.xml:272:9-277:63
	android:screenOrientation
		ADDED from Clan/Clan/AndroidManifest.xml:276:13-49
	android:label
		ADDED from Clan/Clan/AndroidManifest.xml:274:13-51
	android:launchMode
		ADDED from Clan/Clan/AndroidManifest.xml:275:13-43
	android:theme
		ADDED from Clan/Clan/AndroidManifest.xml:277:13-60
	android:name
		ADDED from Clan/Clan/AndroidManifest.xml:273:13-71
activity#com.youzu.clan.search.SearchActivity
ADDED from Clan/Clan/AndroidManifest.xml:279:9-284:71
	android:screenOrientation
		ADDED from Clan/Clan/AndroidManifest.xml:282:13-49
	android:launchMode
		ADDED from Clan/Clan/AndroidManifest.xml:281:13-43
	android:windowSoftInputMode
		ADDED from Clan/Clan/AndroidManifest.xml:284:13-68
	android:theme
		ADDED from Clan/Clan/AndroidManifest.xml:283:13-50
	android:name
		ADDED from Clan/Clan/AndroidManifest.xml:280:13-50
activity#com.youzu.clan.friends.FriendsActivity